Test2/app/build/outputs/logs/manifest-merger-live-debug-report.txt
-- Merging decision tree log ---
manifest
ADDED from src\main\AndroidManifest.xml:1:1-68:12
INJECTED from src\main\AndroidManifest.xml:1:1-68:12
INJECTED from src\main\AndroidManifest.xml:1:1-68:12
INJECTED from src\main\AndroidManifest.xml:1:1-68:12
MERGED from [com.squareup.leakcanary:leakcanary-android:1.5.4] AndroidManifest.xml:17:1-61:12
MERGED from [com.android.support:design:27.0.2] AndroidManifest.xml:17:1-22:12
MERGED from [com.android.support:appcompat-v7:27.0.2] AndroidManifest.xml:17:1-22:12
MERGED from [com.android.support:support-v4:27.0.2] AndroidManifest.xml:17:1-22:12
MERGED from [com.github.bumptech.glide:glide:4.6.1] AndroidManifest.xml:2:1-13:12
MERGED from [com.squareup.leakcanary:leakcanary-analyzer:1.5.4] AndroidManifest.xml:17:1-25:12
MERGED from [com.android.support:support-fragment:27.0.2] AndroidManifest.xml:17:1-22:12
MERGED from [com.android.support:support-core-utils:27.0.2] AndroidManifest.xml:17:1-22:12
MERGED from [com.android.support:animated-vector-drawable:27.0.2] AndroidManifest.xml:17:1-22:12
MERGED from [com.android.support:support-vector-drawable:27.0.2] AndroidManifest.xml:17:1-22:12
MERGED from [com.android.support:support-media-compat:27.0.2] AndroidManifest.xml:17:1-22:12
MERGED from [com.android.support:recyclerview-v7:27.0.2] AndroidManifest.xml:17:1-22:12
MERGED from [com.android.support:support-core-ui:27.0.2] AndroidManifest.xml:17:1-22:12
MERGED from [com.android.support:transition:27.0.2] AndroidManifest.xml:17:1-22:12
MERGED from [com.android.support:support-compat:27.0.2] AndroidManifest.xml:17:1-22:12
MERGED from [com.github.bumptech.glide:gifdecoder:4.6.1] AndroidManifest.xml:2:1-11:12
MERGED from [android.arch.lifecycle:runtime:1.0.3] AndroidManifest.xml:17:1-24:12
INJECTED from src\main\AndroidManifest.xml:1:1-68:12
INJECTED from src\main\AndroidManifest.xml:1:1-68:12
INJECTED from src\main\AndroidManifest.xml:1:1-68:12
	package
		ADDED from src\main\AndroidManifest.xml:3:5-40
		INJECTED from src\main\AndroidManifest.xml
		INJECTED from src\main\AndroidManifest.xml
	android:versionName
		INJECTED from src\main\AndroidManifest.xml
		ADDED from src\main\AndroidManifest.xml:1:1-68:12
		INJECTED from src\main\AndroidManifest.xml
	xmlns:tools
		ADDED from src\main\AndroidManifest.xml:2:5-51
	android:versionCode
		INJECTED from src\main\AndroidManifest.xml
		ADDED from src\main\AndroidManifest.xml:1:1-68:12
		INJECTED from src\main\AndroidManifest.xml
	xmlns:android
		ADDED from src\main\AndroidManifest.xml:1:11-69
uses-permission#android.permission.INTERNET
ADDED from src\main\AndroidManifest.xml:4:5-67
	android:name
		ADDED from src\main\AndroidManifest.xml:4:22-64
uses-permission#android.permission.ACCESS_WIFI_STATE
ADDED from src\main\AndroidManifest.xml:5:5-75
	android:name
		ADDED from src\main\AndroidManifest.xml:5:22-73
uses-permission#android.permission.ACCESS_NETWORK_STATE
ADDED from src\main\AndroidManifest.xml:6:5-78
	android:name
		ADDED from src\main\AndroidManifest.xml:6:22-76
application
ADDED from src\main\AndroidManifest.xml:7:5-67:19
MERGED from [com.squareup.leakcanary:leakcanary-android:1.5.4] AndroidManifest.xml:26:5-59:19
MERGED from [com.squareup.leakcanary:leakcanary-android:1.5.4] AndroidManifest.xml:26:5-59:19
MERGED from [com.github.bumptech.glide:glide:4.6.1] AndroidManifest.xml:11:5-20
MERGED from [com.github.bumptech.glide:glide:4.6.1] AndroidManifest.xml:11:5-20
MERGED from [com.squareup.leakcanary:leakcanary-analyzer:1.5.4] AndroidManifest.xml:23:5-20
MERGED from [com.squareup.leakcanary:leakcanary-analyzer:1.5.4] AndroidManifest.xml:23:5-20
MERGED from [com.github.bumptech.glide:gifdecoder:4.6.1] AndroidManifest.xml:9:5-20
MERGED from [com.github.bumptech.glide:gifdecoder:4.6.1] AndroidManifest.xml:9:5-20
	android:supportsRtl
		ADDED from src\main\AndroidManifest.xml:12:9-35
	android:label
		ADDED from src\main\AndroidManifest.xml:10:9-41
	android:roundIcon
		ADDED from src\main\AndroidManifest.xml:11:9-54
	android:icon
		ADDED from src\main\AndroidManifest.xml:9:9-43
	android:allowBackup
		ADDED from src\main\AndroidManifest.xml:8:9-35
	android:theme
		ADDED from src\main\AndroidManifest.xml:13:9-40
activity#com.runkevich8.gmail.test.classwork.classwork6.Classwork6Activity
ADDED from src\main\AndroidManifest.xml:15:9-21:20
	android:name
		ADDED from src\main\AndroidManifest.xml:15:19-74
intent-filter#android.intent.action.MAIN+android.intent.category.LAUNCHER
ADDED from src\main\AndroidManifest.xml:16:13-20:29
action#android.intent.action.MAIN
ADDED from src\main\AndroidManifest.xml:17:17-68
	android:name
		ADDED from src\main\AndroidManifest.xml:17:25-66
category#android.intent.category.LAUNCHER
ADDED from src\main\AndroidManifest.xml:19:17-76
	android:name
		ADDED from src\main\AndroidManifest.xml:19:27-74
receiver#com.runkevich8.gmail.test.homework.hw5.MyReceiver
ADDED from src\main\AndroidManifest.xml:23:9-27:20
	android:name
		ADDED from src\main\AndroidManifest.xml:23:19-58
intent-filter#android.net.wifi.STATE_CHANG
ADDED from src\main\AndroidManifest.xml:24:13-26:29
action#android.net.wifi.STATE_CHANG
ADDED from src\main\AndroidManifest.xml:25:17-71
	android:name
		ADDED from src\main\AndroidManifest.xml:25:25-68
activity#com.runkevich8.gmail.test.homework.hw5.Homework5Activity
ADDED from src\main\AndroidManifest.xml:29:9-32:20
	android:parentActivityName
		ADDED from src\main\AndroidManifest.xml:30:13-64
	android:name
		ADDED from src\main\AndroidManifest.xml:29:19-65
activity#com.runkevich8.gmail.test.homework.hw4.Homework4Activity
ADDED from src\main\AndroidManifest.xml:34:9-37:20
	android:parentActivityName
		ADDED from src\main\AndroidManifest.xml:35:13-64
	android:name
		ADDED from src\main\AndroidManifest.xml:34:19-65
activity#com.runkevich8.gmail.test.homework.hw3.Homework3Activity
ADDED from src\main\AndroidManifest.xml:38:9-41:20
	android:parentActivityName
		ADDED from src\main\AndroidManifest.xml:39:13-64
	android:name
		ADDED from src\main\AndroidManifest.xml:38:19-65
activity#com.runkevich8.gmail.test.homework.hw2.Homework2Activity
ADDED from src\main\AndroidManifest.xml:43:9-46:20
	android:parentActivityName
		ADDED from src\main\AndroidManifest.xml:44:13-64
	android:name
		ADDED from src\main\AndroidManifest.xml:43:19-65
activity#com.runkevich8.gmail.test.homework.hw1.Homework1Activity
ADDED from src\main\AndroidManifest.xml:47:9-50:20
	android:parentActivityName
		ADDED from src\main\AndroidManifest.xml:48:13-64
	android:name
		ADDED from src\main\AndroidManifest.xml:47:19-65
activity#com.runkevich8.gmail.test.classwork.classwork2.Classwork2Activity
ADDED from src\main\AndroidManifest.xml:53:9-56:20
	android:parentActivityName
		ADDED from src\main\AndroidManifest.xml:54:13-82
	android:name
		ADDED from src\main\AndroidManifest.xml:53:19-74
receiver#com.runkevich8.gmail.test.classwork.classwork5.MyReceiver
ADDED from src\main\AndroidManifest.xml:59:9-63:20
	android:name
		ADDED from src\main\AndroidManifest.xml:59:19-66
intent-filter#android.intent.action.AIRPLANE_MODE
ADDED from src\main\AndroidManifest.xml:60:13-62:29
action#android.intent.action.AIRPLANE_MODE
ADDED from src\main\AndroidManifest.xml:61:17-78
	android:name
		ADDED from src\main\AndroidManifest.xml:61:25-75
service#com.runkevich8.gmail.test.classwork.classwork5.MyService
ADDED from src\main\AndroidManifest.xml:65:9-67
	android:name
		ADDED from src\main\AndroidManifest.xml:65:18-64
service#com.runkevich8.gmail.test.classwork.classwork5.MyIntentService
ADDED from src\main\AndroidManifest.xml:66:9-73
	android:name
		ADDED from src\main\AndroidManifest.xml:66:18-70
uses-sdk
INJECTED from src\main\AndroidManifest.xml reason: use-sdk injection requested
INJECTED from src\main\AndroidManifest.xml
INJECTED from src\main\AndroidManifest.xml
MERGED from [com.squareup.leakcanary:leakcanary-android:1.5.4] AndroidManifest.xml:20:5-44
MERGED from [com.squareup.leakcanary:leakcanary-android:1.5.4] AndroidManifest.xml:20:5-44
MERGED from [com.android.support:design:27.0.2] AndroidManifest.xml:20:5-44
MERGED from [com.android.support:design:27.0.2] AndroidManifest.xml:20:5-44
MERGED from [com.android.support:appcompat-v7:27.0.2] AndroidManifest.xml:20:5-44
MERGED from [com.android.support:appcompat-v7:27.0.2] AndroidManifest.xml:20:5-44
MERGED from [com.android.support:support-v4:27.0.2] AndroidManifest.xml:20:5-44
MERGED from [com.android.support:support-v4:27.0.2] AndroidManifest.xml:20:5-44
MERGED from [com.github.bumptech.glide:glide:4.6.1] AndroidManifest.xml:7:5-9:41
MERGED from [com.github.bumptech.glide:glide:4.6.1] AndroidManifest.xml:7:5-9:41
MERGED from [com.squareup.leakcanary:leakcanary-analyzer:1.5.4] AndroidManifest.xml:21:5-44
MERGED from [com.squareup.leakcanary:leakcanary-analyzer:1.5.4] AndroidManifest.xml:21:5-44
MERGED from [com.android.support:support-fragment:27.0.2] AndroidManifest.xml:20:5-44
MERGED from [com.android.support:support-fragment:27.0.2] AndroidManifest.xml:20:5-44
MERGED from [com.android.support:support-core-utils:27.0.2] AndroidManifest.xml:20:5-44
MERGED from [com.android.support:support-core-utils:27.0.2] AndroidManifest.xml:20:5-44
MERGED from [com.android.support:animated-vector-drawable:27.0.2] AndroidManifest.xml:20:5-44
MERGED from [com.android.support:animated-vector-drawable:27.0.2] AndroidManifest.xml:20:5-44
MERGED from [com.android.support:support-vector-drawable:27.0.2] AndroidManifest.xml:20:5-44
MERGED from [com.android.support:support-vector-drawable:27.0.2] AndroidManifest.xml:20:5-44
MERGED from [com.android.support:support-media-compat:27.0.2] AndroidManifest.xml:20:5-44
MERGED from [com.android.support:support-media-compat:27.0.2] AndroidManifest.xml:20:5-44
MERGED from [com.android.support:recyclerview-v7:27.0.2] AndroidManifest.xml:20:5-44
MERGED from [com.android.support:recyclerview-v7:27.0.2] AndroidManifest.xml:20:5-44
MERGED from [com.android.support:support-core-ui:27.0.2] AndroidManifest.xml:20:5-44
MERGED from [com.android.support:support-core-ui:27.0.2] AndroidManifest.xml:20:5-44
MERGED from [com.android.support:transition:27.0.2] AndroidManifest.xml:20:5-44
MERGED from [com.android.support:transition:27.0.2] AndroidManifest.xml:20:5-44
MERGED from [com.android.support:support-compat:27.0.2] AndroidManifest.xml:20:5-44
MERGED from [com.android.support:support-compat:27.0.2] AndroidManifest.xml:20:5-44
MERGED from [com.github.bumptech.glide:gifdecoder:4.6.1] AndroidManifest.xml:5:5-7:41
MERGED from [com.github.bumptech.glide:gifdecoder:4.6.1] AndroidManifest.xml:5:5-7:41
MERGED from [android.arch.lifecycle:runtime:1.0.3] AndroidManifest.xml:20:5-22:41
MERGED from [android.arch.lifecycle:runtime:1.0.3] AndroidManifest.xml:20:5-22:41
INJECTED from src\main\AndroidManifest.xml
INJECTED from src\main\AndroidManifest.xml
	android:targetSdkVersion
		INJECTED from src\main\AndroidManifest.xml
		ADDED from src\main\AndroidManifest.xml
		INJECTED from src\main\AndroidManifest.xml
	android:minSdkVersion
		INJECTED from src\main\AndroidManifest.xml
		ADDED from src\main\AndroidManifest.xml
		INJECTED from src\main\AndroidManifest.xml
uses-permission#android.permission.READ_EXTERNAL_STORAGE
ADDED from [com.squareup.leakcanary:leakcanary-android:1.5.4] AndroidManifest.xml:23:5-80
IMPLIED from src\main\AndroidManifest.xml:1:1-68:12 reason: com.squareup.leakcanary requested WRITE_EXTERNAL_STORAGE
	android:name
		ADDED from [com.squareup.leakcanary:leakcanary-android:1.5.4] AndroidManifest.xml:23:22-77
uses-permission#android.permission.WRITE_EXTERNAL_STORAGE
ADDED from [com.squareup.leakcanary:leakcanary-android:1.5.4] AndroidManifest.xml:24:5-81
	android:name
		ADDED from [com.squareup.leakcanary:leakcanary-android:1.5.4] AndroidManifest.xml:24:22-78
service#com.squareup.leakcanary.internal.HeapAnalyzerService
ADDED from [com.squareup.leakcanary:leakcanary-android:1.5.4] AndroidManifest.xml:27:9-30:45
	android:process
		ADDED from [com.squareup.leakcanary:leakcanary-android:1.5.4] AndroidManifest.xml:30:13-42
	android:enabled
		ADDED from [com.squareup.leakcanary:leakcanary-android:1.5.4] AndroidManifest.xml:29:13-36
	android:name
		ADDED from [com.squareup.leakcanary:leakcanary-android:1.5.4] AndroidManifest.xml:28:13-80
service#com.squareup.leakcanary.DisplayLeakService
ADDED from [com.squareup.leakcanary:leakcanary-android:1.5.4] AndroidManifest.xml:31:9-34:45
	android:process
		ADDED from [com.squareup.leakcanary:leakcanary-android:1.5.4] AndroidManifest.xml:34:13-42
	android:enabled
		ADDED from [com.squareup.leakcanary:leakcanary-android:1.5.4] AndroidManifest.xml:33:13-36
	android:name
		ADDED from [com.squareup.leakcanary:leakcanary-android:1.5.4] AndroidManifest.xml:32:13-70
activity#com.squareup.leakcanary.internal.DisplayLeakActivity
ADDED from [com.squareup.leakcanary:leakcanary-android:1.5.4] AndroidManifest.xml:36:9-49:20
	android:process
		ADDED from [com.squareup.leakcanary:leakcanary-android:1.5.4] AndroidManifest.xml:41:13-42
	android:enabled
		ADDED from [com.squareup.leakcanary:leakcanary-android:1.5.4] AndroidManifest.xml:38:13-36
	android:label
		ADDED from [com.squareup.leakcanary:leakcanary-android:1.5.4] AndroidManifest.xml:40:13-71
	android:icon
		ADDED from [com.squareup.leakcanary:leakcanary-android:1.5.4] AndroidManifest.xml:39:13-54
	android:theme
		ADDED from [com.squareup.leakcanary:leakcanary-android:1.5.4] AndroidManifest.xml:43:13-63
	android:taskAffinity
		ADDED from [com.squareup.leakcanary:leakcanary-android:1.5.4] AndroidManifest.xml:42:13-76
	android:name
		ADDED from [com.squareup.leakcanary:leakcanary-android:1.5.4] AndroidManifest.xml:37:13-80
activity#com.squareup.leakcanary.internal.RequestStoragePermissionActivity
ADDED from [com.squareup.leakcanary:leakcanary-android:1.5.4] AndroidManifest.xml:50:9-58:68
	android:process
		ADDED from [com.squareup.leakcanary:leakcanary-android:1.5.4] AndroidManifest.xml:56:13-42
	android:enabled
		ADDED from [com.squareup.leakcanary:leakcanary-android:1.5.4] AndroidManifest.xml:52:13-36
	android:label
		ADDED from [com.squareup.leakcanary:leakcanary-android:1.5.4] AndroidManifest.xml:55:13-82
	android:excludeFromRecents
		ADDED from [com.squareup.leakcanary:leakcanary-android:1.5.4] AndroidManifest.xml:53:13-46
	android:icon
		ADDED from [com.squareup.leakcanary:leakcanary-android:1.5.4] AndroidManifest.xml:54:13-54
	android:theme
		ADDED from [com.squareup.leakcanary:leakcanary-android:1.5.4] AndroidManifest.xml:58:13-65
	android:taskAffinity
		ADDED from [com.squareup.leakcanary:leakcanary-android:1.5.4] AndroidManifest.xml:57:13-76
	android:name
		ADDED from [com.squareup.leakcanary:leakcanary-android:1.5.4] AndroidManifest.xml:51:13-93